<?xml version="1.0" encoding="UTF-8"?>
<!-- Generated by org.testng.reporters.JUnitReportReporter -->
<testsuite skipped="1" hostname="DESKTOP-FR326FK" name="com.buffalocart.testscripts.HomeTest" tests="2" failures="0" timestamp="2021-10-04T22:46:00 IST" time="12.875" errors="0">
  <testcase name="verifySignOut" time="12.875" classname="com.buffalocart.testscripts.HomeTest"/>
  <system-out/>
  <testcase name="verifyHomePageTitle" classname="com.buffalocart.testscripts.HomeTest">
    <skipped/>
  </testcase> <!-- verifyHomePageTitle -->
  <system-out/>
</testsuite> <!-- com.buffalocart.testscripts.HomeTest -->
