<?xml version="1.0" encoding="UTF-8"?>
<!-- Generated by org.testng.reporters.JUnitReportReporter -->
<testsuite skipped="0" hostname="DESKTOP-FR326FK" name="com.buffalocart.testscripts.UserManagementTest" tests="3" failures="0" timestamp="2021-10-15T00:11:04 IST" time="132.688" errors="0">
  <testcase name="verifyUserManagementSubmenus" time="59.195" classname="com.buffalocart.testscripts.UserManagementTest"/>
  <system-out/>
  <testcase name="verifyUserManagementSubmenus" time="40.817" classname="com.buffalocart.testscripts.UserManagementTest"/>
  <system-out/>
  <testcase name="verifyUserManagementSubmenus" time="32.676" classname="com.buffalocart.testscripts.UserManagementTest"/>
  <system-out/>
</testsuite> <!-- com.buffalocart.testscripts.UserManagementTest -->
