<?xml version="1.0" encoding="UTF-8"?>
<!-- Generated by org.testng.reporters.JUnitReportReporter -->
<testsuite skipped="0" hostname="DESKTOP-FR326FK" name="com.buffalocart.testscripts.LoginTest" tests="4" failures="0" timestamp="2021-10-14T18:24:24 IST" time="107.727" errors="0">
  <testcase name="verifyLoginPageTitle" time="26.730" classname="com.buffalocart.testscripts.LoginTest"/>
  <system-out/>
  <testcase name="verifyUserLoginWithValidUserCredentials" time="29.090" classname="com.buffalocart.testscripts.LoginTest"/>
  <system-out/>
  <testcase name="verifyUserLoginWithInValidUserCredentials" time="26.224" classname="com.buffalocart.testscripts.LoginTest"/>
  <system-out/>
  <testcase name="verifyClickOnCheckbox" time="25.683" classname="com.buffalocart.testscripts.LoginTest"/>
  <system-out/>
</testsuite> <!-- com.buffalocart.testscripts.LoginTest -->
