<?xml version="1.0" encoding="UTF-8"?>
<!-- Generated by org.testng.reporters.JUnitReportReporter -->
<testsuite skipped="0" hostname="DESKTOP-FR326FK" name="com.buffalocart.testscripts.DeleteUserTest" tests="1" failures="0" timestamp="2021-10-30T16:59:31 IST" time="84.664" errors="0">
  <testcase name="verifyDeleteUser" time="84.664" classname="com.buffalocart.testscripts.DeleteUserTest"/>
  <system-out/>
</testsuite> <!-- com.buffalocart.testscripts.DeleteUserTest -->
