<?xml version="1.0" encoding="UTF-8"?>
<!-- Generated by org.testng.reporters.JUnitReportReporter -->
<testsuite skipped="0" hostname="DESKTOP-FR326FK" name="com.buffalocart.testscripts.SignOutTest" tests="1" failures="0" timestamp="2021-10-19T23:48:11 IST" time="32.781" errors="0">
  <testcase name="verifyNavigationToLoginOnClickSignOut" time="32.781" classname="com.buffalocart.testscripts.SignOutTest"/>
  <system-out/>
</testsuite> <!-- com.buffalocart.testscripts.SignOutTest -->
