<?xml version="1.0" encoding="UTF-8"?>
<!-- Generated by org.testng.reporters.JUnitReportReporter -->
<testsuite skipped="0" hostname="DESKTOP-FR326FK" name="com.buffalocart.testscripts.UpdateUserTest" tests="2" failures="0" timestamp="2021-10-19T23:48:11 IST" time="125.713" errors="0">
  <testcase name="verifyEditUsersPageTitle" time="53.926" classname="com.buffalocart.testscripts.UpdateUserTest"/>
  <system-out/>
  <testcase name="verifyEditUser" time="71.787" classname="com.buffalocart.testscripts.UpdateUserTest"/>
  <system-out/>
</testsuite> <!-- com.buffalocart.testscripts.UpdateUserTest -->
