<?xml version="1.0" encoding="UTF-8"?>
<!-- Generated by org.testng.reporters.JUnitReportReporter -->
<testsuite skipped="3" hostname="DESKTOP-FR326FK" name="com.buffalocart.testscripts.LoginTest" tests="4" failures="0" timestamp="2021-10-05T19:48:48 IST" time="8.494" errors="0">
  <testcase name="verifyClickOnCheckbox" time="8.494" classname="com.buffalocart.testscripts.LoginTest"/>
  <system-out/>
  <testcase name="verifyUserLoginWithInValidUserCredentials" classname="com.buffalocart.testscripts.LoginTest">
    <skipped/>
  </testcase> <!-- verifyUserLoginWithInValidUserCredentials -->
  <system-out/>
  <testcase name="verifyUserLoginWithValidUserCredentials" classname="com.buffalocart.testscripts.LoginTest">
    <skipped/>
  </testcase> <!-- verifyUserLoginWithValidUserCredentials -->
  <system-out/>
  <testcase name="verifyLoginPageTitle" classname="com.buffalocart.testscripts.LoginTest">
    <skipped/>
  </testcase> <!-- verifyLoginPageTitle -->
  <system-out/>
</testsuite> <!-- com.buffalocart.testscripts.LoginTest -->
