<?xml version="1.0" encoding="UTF-8"?>
<!-- Generated by org.testng.reporters.JUnitReportReporter -->
<testsuite skipped="0" hostname="DESKTOP-FR326FK" name="com.buffalocart.testscripts.AddSalesCommissionAgentTest" tests="1" failures="0" timestamp="2021-10-14T18:29:44 IST" time="65.507" errors="0">
  <testcase name="verifyAddNewSalesCommissionAgent" time="65.507" classname="com.buffalocart.testscripts.AddSalesCommissionAgentTest"/>
  <system-out/>
</testsuite> <!-- com.buffalocart.testscripts.AddSalesCommissionAgentTest -->
