<?xml version="1.0" encoding="UTF-8"?>
<!-- Generated by org.testng.reporters.JUnitReportReporter -->
<testsuite skipped="0" hostname="DESKTOP-FR326FK" name="com.buffalocart.testscripts.UpdateRolesTest" tests="2" failures="0" timestamp="2021-10-19T23:48:11 IST" time="159.100" errors="0">
  <testcase name="verifyEditRolesPageTitle" time="52.259" classname="com.buffalocart.testscripts.UpdateRolesTest"/>
  <system-out/>
  <testcase name="verifyEditRole" time="106.841" classname="com.buffalocart.testscripts.UpdateRolesTest"/>
  <system-out/>
</testsuite> <!-- com.buffalocart.testscripts.UpdateRolesTest -->
