<?xml version="1.0" encoding="UTF-8"?>
<!-- Generated by org.testng.reporters.JUnitReportReporter -->
<testsuite skipped="4" hostname="DESKTOP-FR326FK" name="com.buffalocart.testscripts.LoginTest" tests="5" failures="0" timestamp="2021-10-08T10:49:13 IST" time="22.806" errors="0">
  <testcase name="verifyUserLoginWithNewlyAddedUser" time="22.806" classname="com.buffalocart.testscripts.LoginTest"/>
  <system-out/>
  <testcase name="verifyUserLoginWithInValidUserCredentials" classname="com.buffalocart.testscripts.LoginTest">
    <skipped/>
  </testcase> <!-- verifyUserLoginWithInValidUserCredentials -->
  <system-out/>
  <testcase name="verifyClickOnCheckbox" classname="com.buffalocart.testscripts.LoginTest">
    <skipped/>
  </testcase> <!-- verifyClickOnCheckbox -->
  <system-out/>
  <testcase name="verifyUserLoginWithValidUserCredentials" classname="com.buffalocart.testscripts.LoginTest">
    <skipped/>
  </testcase> <!-- verifyUserLoginWithValidUserCredentials -->
  <system-out/>
  <testcase name="verifyLoginPageTitle" classname="com.buffalocart.testscripts.LoginTest">
    <skipped/>
  </testcase> <!-- verifyLoginPageTitle -->
  <system-out/>
</testsuite> <!-- com.buffalocart.testscripts.LoginTest -->
