<?xml version="1.0" encoding="UTF-8"?>
<!-- Generated by org.testng.reporters.JUnitReportReporter -->
<testsuite skipped="0" hostname="DESKTOP-FR326FK" name="com.buffalocart.testscripts.DeleteRoleTest" tests="1" failures="0" timestamp="2021-10-30T16:59:31 IST" time="88.315" errors="0">
  <testcase name="verifyDeleteRole" time="88.315" classname="com.buffalocart.testscripts.DeleteRoleTest"/>
  <system-out/>
</testsuite> <!-- com.buffalocart.testscripts.DeleteRoleTest -->
