<?xml version="1.0" encoding="UTF-8"?>
<!-- Generated by org.testng.reporters.JUnitReportReporter -->
<testsuite skipped="0" hostname="DESKTOP-FR326FK" name="com.buffalocart.testscripts.LoginTest" tests="12" failures="0" timestamp="2021-12-08T17:49:00 IST" time="331.284" errors="0">
  <testcase name="verifyLoginPageTitle" time="19.677" classname="com.buffalocart.testscripts.LoginTest"/>
  <system-out/>
  <testcase name="verifyLoginPageTitle" time="7.963" classname="com.buffalocart.testscripts.LoginTest"/>
  <system-out/>
  <testcase name="verifyLoginPageTitle" time="35.371" classname="com.buffalocart.testscripts.LoginTest"/>
  <system-out/>
  <testcase name="verifyUserLoginWithValidUserCredentials" time="40.457" classname="com.buffalocart.testscripts.LoginTest"/>
  <system-out/>
  <testcase name="verifyUserLoginWithValidUserCredentials" time="42.936" classname="com.buffalocart.testscripts.LoginTest"/>
  <system-out/>
  <testcase name="verifyUserLoginWithValidUserCredentials" time="66.912" classname="com.buffalocart.testscripts.LoginTest"/>
  <system-out/>
  <testcase name="verifyUserLoginWithInValidUserCredentials" time="14.972" classname="com.buffalocart.testscripts.LoginTest"/>
  <system-out/>
  <testcase name="verifyUserLoginWithInValidUserCredentials" time="12.892" classname="com.buffalocart.testscripts.LoginTest"/>
  <system-out/>
  <testcase name="verifyUserLoginWithInValidUserCredentials" time="15.412" classname="com.buffalocart.testscripts.LoginTest"/>
  <system-out/>
  <testcase name="verifyClickOnCheckbox" time="30.060" classname="com.buffalocart.testscripts.LoginTest"/>
  <system-out/>
  <testcase name="verifyClickOnCheckbox" time="28.614" classname="com.buffalocart.testscripts.LoginTest"/>
  <system-out/>
  <testcase name="verifyClickOnCheckbox" time="16.018" classname="com.buffalocart.testscripts.LoginTest"/>
  <system-out/>
</testsuite> <!-- com.buffalocart.testscripts.LoginTest -->
