<?xml version="1.0" encoding="UTF-8"?>
<!-- Generated by org.testng.reporters.JUnitReportReporter -->
<testsuite skipped="2" hostname="DESKTOP-FR326FK" name="com.buffalocart.testscripts.AddUserTest" tests="3" failures="0" timestamp="2021-10-10T13:41:00 IST" time="64.540" errors="0">
  <testcase name="verifyAddUser" time="64.540" classname="com.buffalocart.testscripts.AddUserTest"/>
  <system-out/>
  <testcase name="verifyAddUsersPageTitle" classname="com.buffalocart.testscripts.AddUserTest">
    <skipped/>
  </testcase> <!-- verifyAddUsersPageTitle -->
  <system-out/>
  <testcase name="verifyErrorMessageOnNotFillingMandatoryUserFields" classname="com.buffalocart.testscripts.AddUserTest">
    <skipped/>
  </testcase> <!-- verifyErrorMessageOnNotFillingMandatoryUserFields -->
  <system-out/>
</testsuite> <!-- com.buffalocart.testscripts.AddUserTest -->
