<?xml version="1.0" encoding="UTF-8"?>
<!-- Generated by org.testng.reporters.JUnitReportReporter -->
<testsuite skipped="0" hostname="DESKTOP-FR326FK" name="com.buffalocart.testscripts.SignOutTest" tests="3" failures="0" timestamp="2021-10-15T00:11:04 IST" time="121.230" errors="0">
  <testcase name="verifyNavigationToLoginOnClickSignOut" time="46.906" classname="com.buffalocart.testscripts.SignOutTest"/>
  <system-out/>
  <testcase name="verifyNavigationToLoginOnClickSignOut" time="41.140" classname="com.buffalocart.testscripts.SignOutTest"/>
  <system-out/>
  <testcase name="verifyNavigationToLoginOnClickSignOut" time="33.184" classname="com.buffalocart.testscripts.SignOutTest"/>
  <system-out/>
</testsuite> <!-- com.buffalocart.testscripts.SignOutTest -->
