<?xml version="1.0" encoding="UTF-8"?>
<!-- Generated by org.testng.reporters.JUnitReportReporter -->
<testsuite skipped="0" hostname="DESKTOP-FR326FK" name="com.buffalocart.testscripts.ViewUserTest" tests="1" failures="0" timestamp="2021-10-19T23:48:11 IST" time="58.339" errors="0">
  <testcase name="verifyViewUser" time="58.339" classname="com.buffalocart.testscripts.ViewUserTest"/>
  <system-out/>
</testsuite> <!-- com.buffalocart.testscripts.ViewUserTest -->
