<?xml version="1.0" encoding="UTF-8"?>
<!-- Generated by org.testng.reporters.JUnitReportReporter -->
<testsuite skipped="0" hostname="DESKTOP-FR326FK" name="com.buffalocart.testscripts.ForgotPasswordTest" tests="3" failures="0" timestamp="2021-10-15T00:11:04 IST" time="100.626" errors="0">
  <testcase name="verifyResetPasswordWithInvalidEmailid" time="39.480" classname="com.buffalocart.testscripts.ForgotPasswordTest"/>
  <system-out/>
  <testcase name="verifyResetPasswordWithInvalidEmailid" time="22.637" classname="com.buffalocart.testscripts.ForgotPasswordTest"/>
  <system-out/>
  <testcase name="verifyResetPasswordWithInvalidEmailid" time="38.509" classname="com.buffalocart.testscripts.ForgotPasswordTest"/>
  <system-out/>
</testsuite> <!-- com.buffalocart.testscripts.ForgotPasswordTest -->
