<?xml version="1.0" encoding="UTF-8"?>
<!-- Generated by org.testng.reporters.JUnitReportReporter -->
<testsuite skipped="0" hostname="DESKTOP-FR326FK" name="com.buffalocart.testscripts.HomeTest" tests="2" failures="0" timestamp="2021-10-14T18:24:24 IST" time="56.421" errors="0">
  <testcase name="verifyHomePageTitle" time="27.887" classname="com.buffalocart.testscripts.HomeTest"/>
  <system-out/>
  <testcase name="verifyDateDisplayedInHomePage" time="28.534" classname="com.buffalocart.testscripts.HomeTest"/>
  <system-out/>
</testsuite> <!-- com.buffalocart.testscripts.HomeTest -->
