<?xml version="1.0" encoding="UTF-8"?>
<!-- Generated by org.testng.reporters.JUnitReportReporter -->
<testsuite skipped="0" hostname="DESKTOP-FR326FK" name="com.buffalocart.testscripts.ViewUserTest" tests="1" failures="0" timestamp="2021-10-30T16:59:31 IST" time="91.566" errors="0">
  <testcase name="verifyViewUser" time="91.566" classname="com.buffalocart.testscripts.ViewUserTest"/>
  <system-out/>
</testsuite> <!-- com.buffalocart.testscripts.ViewUserTest -->
