<?xml version="1.0" encoding="UTF-8"?>
<!-- Generated by org.testng.reporters.JUnitReportReporter -->
<testsuite skipped="0" hostname="DESKTOP-FR326FK" name="com.buffalocart.testscripts.UsersTest" tests="3" failures="0" timestamp="2021-10-30T16:59:31 IST" time="328.580" errors="0">
  <testcase name="verifyUsersPageTitle" time="72.272" classname="com.buffalocart.testscripts.UsersTest"/>
  <system-out/>
  <testcase name="verifyUserLoginWithNewlyAddedUser" time="170.987" classname="com.buffalocart.testscripts.UsersTest"/>
  <system-out/>
  <testcase name="verifyUserSearch" time="85.321" classname="com.buffalocart.testscripts.UsersTest"/>
  <system-out/>
</testsuite> <!-- com.buffalocart.testscripts.UsersTest -->
