<?xml version="1.0" encoding="UTF-8"?>
<!-- Generated by org.testng.reporters.JUnitReportReporter -->
<testsuite skipped="0" hostname="DESKTOP-FR326FK" name="com.buffalocart.testscripts.SignOutTest" tests="1" failures="0" timestamp="2021-10-30T16:59:31 IST" time="47.631" errors="0">
  <testcase name="verifyNavigationToLoginOnClickSignOut" time="47.631" classname="com.buffalocart.testscripts.SignOutTest"/>
  <system-out/>
</testsuite> <!-- com.buffalocart.testscripts.SignOutTest -->
