<?xml version="1.0" encoding="UTF-8"?>
<!-- Generated by org.testng.reporters.JUnitReportReporter -->
<testsuite skipped="0" hostname="DESKTOP-FR326FK" name="com.buffalocart.testscripts.DeleteRoleTest" tests="1" failures="0" timestamp="2021-10-19T23:48:11 IST" time="63.085" errors="0">
  <testcase name="verifyDeleteRole" time="63.085" classname="com.buffalocart.testscripts.DeleteRoleTest"/>
  <system-out/>
</testsuite> <!-- com.buffalocart.testscripts.DeleteRoleTest -->
