<?xml version="1.0" encoding="UTF-8"?>
<!-- Generated by org.testng.reporters.JUnitReportReporter -->
<testsuite skipped="3" hostname="DESKTOP-FR326FK" name="com.buffalocart.testscripts.SidebarTest" tests="6" failures="0" timestamp="2021-10-15T00:11:04 IST" time="127.528" errors="0">
  <testcase name="verifyUserLoginWithValidUserCredentials" time="47.753" classname="com.buffalocart.testscripts.SidebarTest"/>
  <system-out/>
  <testcase name="verifyUserLoginWithValidUserCredentials" time="32.774" classname="com.buffalocart.testscripts.SidebarTest"/>
  <system-out/>
  <testcase name="verifyUserLoginWithValidUserCredentials" time="47.001" classname="com.buffalocart.testscripts.SidebarTest"/>
  <system-out/>
  <testcase name="verifySidebar" classname="com.buffalocart.testscripts.SidebarTest">
    <skipped/>
  </testcase> <!-- verifySidebar -->
  <system-out/>
  <testcase name="verifySidebar" classname="com.buffalocart.testscripts.SidebarTest">
    <skipped/>
  </testcase> <!-- verifySidebar -->
  <system-out/>
  <testcase name="verifySidebar" classname="com.buffalocart.testscripts.SidebarTest">
    <skipped/>
  </testcase> <!-- verifySidebar -->
  <system-out/>
</testsuite> <!-- com.buffalocart.testscripts.SidebarTest -->
