<?xml version="1.0" encoding="UTF-8"?>
<!-- Generated by org.testng.reporters.JUnitReportReporter -->
<testsuite skipped="0" hostname="DESKTOP-FR326FK" name="com.buffalocart.testscripts.LoginTest" tests="4" failures="0" timestamp="2021-10-19T23:48:11 IST" time="113.245" errors="0">
  <testcase name="verifyLoginPageTitle" time="25.569" classname="com.buffalocart.testscripts.LoginTest"/>
  <system-out/>
  <testcase name="verifyUserLoginWithValidUserCredentials" time="32.970" classname="com.buffalocart.testscripts.LoginTest"/>
  <system-out/>
  <testcase name="verifyUserLoginWithInValidUserCredentials" time="28.703" classname="com.buffalocart.testscripts.LoginTest"/>
  <system-out/>
  <testcase name="verifyClickOnCheckbox" time="26.003" classname="com.buffalocart.testscripts.LoginTest"/>
  <system-out/>
</testsuite> <!-- com.buffalocart.testscripts.LoginTest -->
