<?xml version="1.0" encoding="UTF-8"?>
<!-- Generated by org.testng.reporters.JUnitReportReporter -->
<testsuite skipped="0" hostname="DESKTOP-FR326FK" name="com.buffalocart.testscripts.DeleteUserTest" tests="1" failures="0" timestamp="2021-10-19T23:48:11 IST" time="65.384" errors="0">
  <testcase name="verifyDeleteUser" time="65.384" classname="com.buffalocart.testscripts.DeleteUserTest"/>
  <system-out/>
</testsuite> <!-- com.buffalocart.testscripts.DeleteUserTest -->
