<?xml version="1.0" encoding="UTF-8"?>
<!-- Generated by org.testng.reporters.JUnitReportReporter -->
<testsuite skipped="0" hostname="DESKTOP-FR326FK" name="com.buffalocart.testscripts.LoginTest" tests="4" failures="0" timestamp="2021-10-30T16:59:31 IST" time="138.429" errors="0">
  <testcase name="verifyLoginPageTitle" time="27.583" classname="com.buffalocart.testscripts.LoginTest"/>
  <system-out/>
  <testcase name="verifyUserLoginWithValidUserCredentials" time="51.760" classname="com.buffalocart.testscripts.LoginTest"/>
  <system-out/>
  <testcase name="verifyUserLoginWithInValidUserCredentials" time="29.450" classname="com.buffalocart.testscripts.LoginTest"/>
  <system-out/>
  <testcase name="verifyClickOnCheckbox" time="29.636" classname="com.buffalocart.testscripts.LoginTest"/>
  <system-out/>
</testsuite> <!-- com.buffalocart.testscripts.LoginTest -->
