<?xml version="1.0" encoding="UTF-8"?>
<!-- Generated by org.testng.reporters.JUnitReportReporter -->
<testsuite skipped="0" hostname="DESKTOP-FR326FK" name="com.buffalocart.testscripts.AddUserTest" tests="3" failures="0" timestamp="2021-10-30T16:59:31 IST" time="219.479" errors="0">
  <testcase name="verifyErrorMessageOnNotFillingMandatoryUserFields" time="74.417" classname="com.buffalocart.testscripts.AddUserTest"/>
  <system-out/>
  <testcase name="verifyAddUsersPageTitle" time="52.415" classname="com.buffalocart.testscripts.AddUserTest"/>
  <system-out/>
  <testcase name="verifyAddUser" time="92.647" classname="com.buffalocart.testscripts.AddUserTest"/>
  <system-out/>
</testsuite> <!-- com.buffalocart.testscripts.AddUserTest -->
