<?xml version="1.0" encoding="UTF-8"?>
<!-- Generated by org.testng.reporters.JUnitReportReporter -->
<testsuite skipped="0" hostname="DESKTOP-FR326FK" name="com.buffalocart.testscripts.RolesTest" tests="2" failures="0" timestamp="2021-10-30T16:59:31 IST" time="295.601" errors="0">
  <testcase name="verifyRolesPageTitle" time="53.619" classname="com.buffalocart.testscripts.RolesTest"/>
  <system-out/>
  <testcase name="verifyNewRoleListedInUserAddPage" time="241.982" classname="com.buffalocart.testscripts.RolesTest"/>
  <system-out/>
</testsuite> <!-- com.buffalocart.testscripts.RolesTest -->
