<?xml version="1.0" encoding="UTF-8"?>
<!-- Generated by org.testng.reporters.JUnitReportReporter -->
<testsuite skipped="0" hostname="DESKTOP-FR326FK" name="com.buffalocart.testscripts.SalesCommissionAgentTest" tests="3" failures="0" timestamp="2021-10-15T00:11:04 IST" time="167.634" errors="0">
  <testcase name="verifySalesCommissionAgentPageTitle" time="45.914" classname="com.buffalocart.testscripts.SalesCommissionAgentTest"/>
  <system-out/>
  <testcase name="verifySalesCommissionAgentPageTitle" time="56.085" classname="com.buffalocart.testscripts.SalesCommissionAgentTest"/>
  <system-out/>
  <testcase name="verifySalesCommissionAgentPageTitle" time="65.635" classname="com.buffalocart.testscripts.SalesCommissionAgentTest"/>
  <system-out/>
</testsuite> <!-- com.buffalocart.testscripts.SalesCommissionAgentTest -->
