<?xml version="1.0" encoding="UTF-8"?>
<!-- Generated by org.testng.reporters.JUnitReportReporter -->
<testsuite skipped="0" hostname="DESKTOP-FR326FK" name="com.buffalocart.testscripts.UpdateAgentTest" tests="1" failures="0" timestamp="2021-10-14T18:24:24 IST" time="68.075" errors="0">
  <testcase name="verifyAddNewSalesCommissionAgent" time="68.075" classname="com.buffalocart.testscripts.UpdateAgentTest"/>
  <system-out/>
</testsuite> <!-- com.buffalocart.testscripts.UpdateAgentTest -->
