<?xml version="1.0" encoding="UTF-8"?>
<!-- Generated by org.testng.reporters.JUnitReportReporter -->
<testsuite skipped="0" hostname="DESKTOP-FR326FK" name="com.buffalocart.testscripts.AddRolesTest" tests="2" failures="0" timestamp="2021-10-19T23:48:11 IST" time="119.536" errors="0">
  <testcase name="verifyAddRolesPageTitle" time="52.571" classname="com.buffalocart.testscripts.AddRolesTest"/>
  <system-out/>
  <testcase name="verifyAddNewRole" time="66.965" classname="com.buffalocart.testscripts.AddRolesTest"/>
  <system-out/>
</testsuite> <!-- com.buffalocart.testscripts.AddRolesTest -->
