<?xml version="1.0" encoding="UTF-8"?>
<!-- Generated by org.testng.reporters.JUnitReportReporter -->
<testsuite skipped="0" hostname="DESKTOP-FR326FK" name="com.buffalocart.testscripts.RolesTest" tests="2" failures="0" timestamp="2021-10-19T23:48:11 IST" time="165.325" errors="0">
  <testcase name="verifyRolesPageTitle" time="52.079" classname="com.buffalocart.testscripts.RolesTest"/>
  <system-out/>
  <testcase name="verifyNewRoleListedInUserAddPage" time="113.246" classname="com.buffalocart.testscripts.RolesTest"/>
  <system-out/>
</testsuite> <!-- com.buffalocart.testscripts.RolesTest -->
