<?xml version="1.0" encoding="UTF-8"?>
<!-- Generated by org.testng.reporters.JUnitReportReporter -->
<testsuite skipped="0" hostname="DESKTOP-FR326FK" name="com.buffalocart.testscripts.UpdateUserTest" tests="2" failures="0" timestamp="2021-10-30T16:59:31 IST" time="175.697" errors="0">
  <testcase name="verifyEditUsersPageTitle" time="76.299" classname="com.buffalocart.testscripts.UpdateUserTest"/>
  <system-out/>
  <testcase name="verifyEditUser" time="99.398" classname="com.buffalocart.testscripts.UpdateUserTest"/>
  <system-out/>
</testsuite> <!-- com.buffalocart.testscripts.UpdateUserTest -->
