<?xml version="1.0" encoding="UTF-8"?>
<!-- Generated by org.testng.reporters.JUnitReportReporter -->
<testsuite skipped="0" hostname="DESKTOP-FR326FK" name="com.buffalocart.testscripts.SidebarTest" tests="2" failures="0" timestamp="2021-10-19T23:48:11 IST" time="64.256" errors="0">
  <testcase name="verifyUserLoginWithValidUserCredentials" time="32.292" classname="com.buffalocart.testscripts.SidebarTest"/>
  <system-out/>
  <testcase name="verifySidebar" time="31.964" classname="com.buffalocart.testscripts.SidebarTest"/>
  <system-out/>
</testsuite> <!-- com.buffalocart.testscripts.SidebarTest -->
