<?xml version="1.0" encoding="UTF-8"?>
<!-- Generated by org.testng.reporters.JUnitReportReporter -->
<testsuite skipped="3" hostname="DESKTOP-FR326FK" name="com.buffalocart.testscripts.SidebarTest" tests="6" failures="0" timestamp="2021-10-18T18:30:46 IST" time="109.181" errors="0">
  <testcase name="verifyUserLoginWithValidUserCredentials" time="44.869" classname="com.buffalocart.testscripts.SidebarTest"/>
  <system-out/>
  <testcase name="verifyUserLoginWithValidUserCredentials" time="38.974" classname="com.buffalocart.testscripts.SidebarTest"/>
  <system-out/>
  <testcase name="verifyUserLoginWithValidUserCredentials" time="25.338" classname="com.buffalocart.testscripts.SidebarTest"/>
  <system-out/>
  <testcase name="verifySidebar" classname="com.buffalocart.testscripts.SidebarTest">
    <skipped/>
  </testcase> <!-- verifySidebar -->
  <system-out/>
  <testcase name="verifySidebar" classname="com.buffalocart.testscripts.SidebarTest">
    <skipped/>
  </testcase> <!-- verifySidebar -->
  <system-out/>
  <testcase name="verifySidebar" classname="com.buffalocart.testscripts.SidebarTest">
    <skipped/>
  </testcase> <!-- verifySidebar -->
  <system-out/>
</testsuite> <!-- com.buffalocart.testscripts.SidebarTest -->
