<?xml version="1.0" encoding="UTF-8"?>
<!-- Generated by org.testng.reporters.JUnitReportReporter -->
<testsuite skipped="0" hostname="DESKTOP-FR326FK" name="com.buffalocart.testscripts.UpdateAgentTest" tests="1" failures="0" timestamp="2021-10-20T00:23:35 IST" time="70.137" errors="0">
  <testcase name="verifyEditSalesCommissionAgent" time="70.137" classname="com.buffalocart.testscripts.UpdateAgentTest"/>
  <system-out/>
</testsuite> <!-- com.buffalocart.testscripts.UpdateAgentTest -->
