<?xml version="1.0" encoding="UTF-8"?>
<!-- Generated by org.testng.reporters.JUnitReportReporter -->
<testsuite skipped="0" hostname="DESKTOP-FR326FK" name="com.buffalocart.testscripts.ForgotPasswordTest" tests="1" failures="0" timestamp="2021-10-05T22:39:00 IST" time="14.442" errors="0">
  <testcase name="verifyResetPasswordWithInvalidEmailid" time="14.442" classname="com.buffalocart.testscripts.ForgotPasswordTest"/>
  <system-out/>
</testsuite> <!-- com.buffalocart.testscripts.ForgotPasswordTest -->
