<?xml version="1.0" encoding="UTF-8"?>
<!-- Generated by org.testng.reporters.JUnitReportReporter -->
<testsuite skipped="0" hostname="DESKTOP-FR326FK" name="com.buffalocart.testscripts.SalesCommissionAgentTest" tests="1" failures="0" timestamp="2021-10-09T19:42:25 IST" time="42.690" errors="0">
  <testcase name="verifySalesCommissionAgentPageTitle" time="42.690" classname="com.buffalocart.testscripts.SalesCommissionAgentTest"/>
  <system-out/>
</testsuite> <!-- com.buffalocart.testscripts.SalesCommissionAgentTest -->
