<?xml version="1.0" encoding="UTF-8"?>
<!-- Generated by org.testng.reporters.JUnitReportReporter -->
<testsuite skipped="0" hostname="DESKTOP-FR326FK" name="com.buffalocart.testscripts.UpdateRolesTest" tests="2" failures="0" timestamp="2021-10-30T16:59:31 IST" time="186.402" errors="0">
  <testcase name="verifyEditRolesPageTitle" time="62.328" classname="com.buffalocart.testscripts.UpdateRolesTest"/>
  <system-out/>
  <testcase name="verifyEditRole" time="124.074" classname="com.buffalocart.testscripts.UpdateRolesTest"/>
  <system-out/>
</testsuite> <!-- com.buffalocart.testscripts.UpdateRolesTest -->
