<?xml version="1.0" encoding="UTF-8"?>
<!-- Generated by org.testng.reporters.JUnitReportReporter -->
<testsuite skipped="0" hostname="DESKTOP-FR326FK" name="com.buffalocart.testscripts.HomeTest" tests="2" failures="0" timestamp="2021-10-19T23:48:11 IST" time="64.629" errors="0">
  <testcase name="verifyHomePageTitle" time="32.952" classname="com.buffalocart.testscripts.HomeTest"/>
  <system-out/>
  <testcase name="verifyDateDisplayedInHomePage" time="31.677" classname="com.buffalocart.testscripts.HomeTest"/>
  <system-out/>
</testsuite> <!-- com.buffalocart.testscripts.HomeTest -->
