<?xml version="1.0" encoding="UTF-8"?>
<!-- Generated by org.testng.reporters.JUnitReportReporter -->
<testsuite skipped="0" hostname="DESKTOP-FR326FK" name="com.buffalocart.testscripts.ForgotPasswordTest" tests="3" failures="0" timestamp="2021-10-18T18:30:46 IST" time="125.074" errors="0">
  <testcase name="verifyResetPasswordWithInvalidEmailid" time="47.718" classname="com.buffalocart.testscripts.ForgotPasswordTest"/>
  <system-out/>
  <testcase name="verifyResetPasswordWithInvalidEmailid" time="44.532" classname="com.buffalocart.testscripts.ForgotPasswordTest"/>
  <system-out/>
  <testcase name="verifyResetPasswordWithInvalidEmailid" time="32.824" classname="com.buffalocart.testscripts.ForgotPasswordTest"/>
  <system-out/>
</testsuite> <!-- com.buffalocart.testscripts.ForgotPasswordTest -->
