<?xml version="1.0" encoding="UTF-8"?>
<!-- Generated by org.testng.reporters.JUnitReportReporter -->
<testsuite skipped="0" hostname="DESKTOP-FR326FK" name="com.buffalocart.testscripts.AddRolesTest" tests="2" failures="0" timestamp="2021-11-01T14:55:51 IST" time="170.077" errors="0">
  <testcase name="verifyAddRolesPageTitle" time="82.570" classname="com.buffalocart.testscripts.AddRolesTest"/>
  <system-out/>
  <testcase name="verifyAddNewRole" time="87.507" classname="com.buffalocart.testscripts.AddRolesTest"/>
  <system-out/>
</testsuite> <!-- com.buffalocart.testscripts.AddRolesTest -->
