<?xml version="1.0" encoding="UTF-8"?>
<!-- Generated by org.testng.reporters.JUnitReportReporter -->
<testsuite skipped="0" hostname="DESKTOP-FR326FK" name="com.buffalocart.testscripts.ForgotPasswordTest" tests="1" failures="0" timestamp="2021-10-14T18:24:24 IST" time="29.448" errors="0">
  <testcase name="verifyResetPasswordWithInvalidEmailid" time="29.448" classname="com.buffalocart.testscripts.ForgotPasswordTest"/>
  <system-out/>
</testsuite> <!-- com.buffalocart.testscripts.ForgotPasswordTest -->
