<?xml version="1.0" encoding="UTF-8"?>
<!-- Generated by org.testng.reporters.JUnitReportReporter -->
<testsuite skipped="0" hostname="DESKTOP-FR326FK" name="com.buffalocart.testscripts.SalesCommissionAgentTest" tests="3" failures="0" timestamp="2021-10-18T18:30:46 IST" time="156.820" errors="0">
  <testcase name="verifySalesCommissionAgentPageTitle" time="41.334" classname="com.buffalocart.testscripts.SalesCommissionAgentTest"/>
  <system-out/>
  <testcase name="verifySalesCommissionAgentPageTitle" time="52.940" classname="com.buffalocart.testscripts.SalesCommissionAgentTest"/>
  <system-out/>
  <testcase name="verifySalesCommissionAgentPageTitle" time="62.546" classname="com.buffalocart.testscripts.SalesCommissionAgentTest"/>
  <system-out/>
</testsuite> <!-- com.buffalocart.testscripts.SalesCommissionAgentTest -->
