<?xml version="1.0" encoding="UTF-8"?>
<!-- Generated by org.testng.reporters.JUnitReportReporter -->
<testsuite skipped="0" hostname="DESKTOP-FR326FK" name="com.buffalocart.testscripts.HomeTest" tests="2" failures="0" timestamp="2021-10-30T16:59:31 IST" time="100.151" errors="0">
  <testcase name="verifyHomePageTitle" time="49.561" classname="com.buffalocart.testscripts.HomeTest"/>
  <system-out/>
  <testcase name="verifyDateDisplayedInHomePage" time="50.590" classname="com.buffalocart.testscripts.HomeTest"/>
  <system-out/>
</testsuite> <!-- com.buffalocart.testscripts.HomeTest -->
