<?xml version="1.0" encoding="UTF-8"?>
<!-- Generated by org.testng.reporters.JUnitReportReporter -->
<testsuite skipped="1" hostname="DESKTOP-FR326FK" name="com.buffalocart.testscripts.RolesTest" tests="2" failures="0" timestamp="2021-10-09T22:02:23 IST" time="114.099" errors="0">
  <testcase name="verifyNewRoleListedInUserAddPage" time="114.099" classname="com.buffalocart.testscripts.RolesTest"/>
  <system-out/>
  <testcase name="verifyRolesPageTitle" classname="com.buffalocart.testscripts.RolesTest">
    <skipped/>
  </testcase> <!-- verifyRolesPageTitle -->
  <system-out/>
</testsuite> <!-- com.buffalocart.testscripts.RolesTest -->
