<?xml version="1.0" encoding="UTF-8"?>
<!-- Generated by org.testng.reporters.JUnitReportReporter -->
<testsuite skipped="0" hostname="DESKTOP-FR326FK" name="com.buffalocart.testscripts.LoginTest" tests="2" failures="0" timestamp="2021-10-03T21:29:33 IST" time="32.414" errors="0">
  <testcase name="verifyLoginPageTitle" time="16.095" classname="com.buffalocart.testscripts.LoginTest"/>
  <system-out/>
  <testcase name="verifyLoginPageTitle" time="16.319" classname="com.buffalocart.testscripts.LoginTest"/>
  <system-out/>
</testsuite> <!-- com.buffalocart.testscripts.LoginTest -->
